#
# A fatal error has been detected by the Java Runtime Environment:
#
#  SIGSEGV (0xb) at pc=0x000000010ee983ef, pid=1134, tid=0x0000000000002b03
#
# JRE version: OpenJDK Runtime Environment (8.0_112-b05) (build 1.8.0_112-release-b05)
# Java VM: OpenJDK 64-Bit Server VM (25.112-b05 mixed mode bsd-amd64 compressed oops)
# Problematic frame:
# V  [libjvm.dylib+0x4983ef]  oopDesc* PSPromotionManager::copy_to_survivor_space<false>(oopDesc*)+0x417
#
# Failed to write core dump. Core dumps have been disabled. To enable core dumping, try "ulimit -c unlimited" before starting Java again
#
# If you would like to submit a bug report, please visit:
#   http://bugreport.java.com/bugreport/crash.jsp
#

---------------  T H R E A D  ---------------

Current thread (0x00007fca16803000):  GCTaskThread [stack: 0x000070000f47d000,0x000070000f57d000] [id=11011]

siginfo: si_signo: 11 (SIGSEGV), si_code: 1 (SEGV_MAPERR), si_addr: 0x0000000000340118

Registers:
RAX=0x00000007c0033b28, RBX=0x0000000000000001, RCX=0x0000000775612b03, RDX=0x0000000775612bb0
RSP=0x000070000f57cbe0, RBP=0x000070000f57cc40, RSI=0x00007fca1580d940, RDI=0x00000007c0033b28
R8 =0x000000010f286b76, R9 =0x0000000775612bb0, R10=0x000000078a61ebb0, R11=0xffffffffce571df0
R12=0x00007fca1580d901, R13=0x0000000775612bb0, R14=0x00007fca1580d940, R15=0x0000000000340000
RIP=0x000000010ee983ef, EFLAGS=0x0000000000010213, ERR=0x0000000000000004
  TRAPNO=0x000000000000000e

Top of Stack: (sp=0x000070000f57cbe0)
0x000070000f57cbe0:   000070000f57cc70 00000007a70a0dc0
0x000070000f57cbf0:   00000007bb2b8d00 0000000000001000
0x000070000f57cc00:   0000000000000001 000070000f57d000
0x000070000f57cc10:   000000000000000d 00000007b984aa25
0x000070000f57cc20:   000000010f286b76 00000007b984aa25
0x000070000f57cc30:   00000007b984aa24 00007fca1580d9d8
0x000070000f57cc40:   000070000f57cc60 000000010ee98523
0x000070000f57cc50:   00007fca1580d940 00007fca1580d9a0
0x000070000f57cc60:   000070000f57ccc0 000000010ee97541
0x000070000f57cc70:   00007fca1580d940 0000000000000240
0x000070000f57cc80:   00000007b984aa25 000000010ecb58ca
0x000070000f57cc90:   00007fca1580d940 000000076480d420
0x000070000f57cca0:   000000010f8da06a 000000076480d400
0x000070000f57ccb0:   000000010f8da082 0000000000000240
0x000070000f57ccc0:   000070000f57cd80 000000010eb55dd8
0x000070000f57ccd0:   0000000000000000 0000000000000200
0x000070000f57cce0:   fffffffef069ef69 0000000000000000
0x000070000f57ccf0:   000000010f961095 000000010bdb6000
0x000070000f57cd00:   000000010f961096 0000000003b24000
0x000070000f57cd10:   fffffffef0725f7f 0000000003bab096
0x000070000f57cd20:   000000010f8da081 000000010f8da001
0x000070000f57cd30:   0000000775612bb0 00000007648103a0
0x000070000f57cd40:   00007fca14c125e0 00007fca1580d940
0x000070000f57cd50:   00007fca14c12370 00007fca14f04f60
0x000070000f57cd60:   0000000000000000 000000010efdb9bd
0x000070000f57cd70:   00007fca1580d940 0000000000000001
0x000070000f57cd80:   000070000f57cdb0 000000010ee9b00f
0x000070000f57cd90:   0000700000000004 00007fca14c15540
0x000070000f57cda0:   00007fca16803000 00007fca14f04f60
0x000070000f57cdb0:   000070000f57ce90 000000010ec6dc37
0x000070000f57cdc0:   000070000f57cdf0 00007fca14f03260
0x000070000f57cdd0:   00007fca14f03290 00007fca14f032a0 

Instructions: (pc=0x000000010ee983ef)
0x000000010ee983cf:   7d 08 48 d3 e7 49 03 3f eb 04 49 8b 7d 08 81 7f
0x000000010ee983df:   08 ff ff ff bf 77 10 4c 8b 3f 4c 89 f6 4c 89 ea
0x000000010ee983ef:   41 ff 97 18 01 00 00 4c 89 e8 48 83 c4 38 5b 41
0x000000010ee983ff:   5c 41 5d 41 5e 41 5f 5d c3 48 8b 75 a8 48 83 ce 

Register to memory mapping:

RAX=0x00000007c0033b28 is pointing into metadata
RBX=0x0000000000000001 is an unknown value
RCX=0x0000000775612b03 is pointing into object: 0x00000007756112e8
[B 
 - klass: {type array byte}
 - length: 6321
RDX=0x0000000775612bb0 is an oop

[error occurred during error reporting (printing register info), id 0xb]

Stack: [0x000070000f47d000,0x000070000f57d000],  sp=0x000070000f57cbe0,  free space=1022k
Native frames: (J=compiled Java code, j=interpreted, Vv=VM code, C=native code)
V  [libjvm.dylib+0x4983ef]  oopDesc* PSPromotionManager::copy_to_survivor_space<false>(oopDesc*)+0x417
V  [libjvm.dylib+0x498523]  PSPromotionManager::process_popped_location_depth(StarTask)+0x73
V  [libjvm.dylib+0x497541]  PSPromotionManager::drain_stacks_depth(bool)+0x117
V  [libjvm.dylib+0x155dd8]  CardTableExtension::scavenge_contents_parallel(ObjectStartArray*, MutableSpace*, HeapWord*, PSPromotionManager*, unsigned int, unsigned int)+0x380
V  [libjvm.dylib+0x49b00f]  OldToYoungRootsTask::do_it(GCTaskManager*, unsigned int)+0x4b
V  [libjvm.dylib+0x26dc37]  GCTaskThread::run()+0x1a1
V  [libjvm.dylib+0x45bf0a]  java_start(Thread*)+0xf6
C  [libsystem_pthread.dylib+0x3aab]  _pthread_body+0xb4
C  [libsystem_pthread.dylib+0x39f7]  _pthread_body+0x0
C  [libsystem_pthread.dylib+0x3221]  thread_start+0xd


---------------  P R O C E S S  ---------------

Java Threads: ( => current thread )
  0x00007fca1630e800 JavaThread "pool-404-thread-4" [_thread_blocked, id=118019, stack(0x0000700019f49000,0x000070001a049000)]
  0x00007fca165ef800 JavaThread "pool-404-thread-3" [_thread_blocked, id=117507, stack(0x0000700019e46000,0x0000700019f46000)]
  0x00007fca19bd8000 JavaThread "pool-404-thread-2" [_thread_blocked, id=116995, stack(0x0000700019d43000,0x0000700019e43000)]
  0x00007fca1c031000 JavaThread "pool-405-thread-1" [_thread_blocked, id=116483, stack(0x0000700019c40000,0x0000700019d40000)]
  0x00007fca164cf800 JavaThread "pool-404-thread-1" [_thread_blocked, id=115971, stack(0x0000700019b3d000,0x0000700019c3d000)]
  0x00007fca19c85000 JavaThread "pool-410-thread-4" [_thread_blocked, id=113923, stack(0x0000700019731000,0x0000700019831000)]
  0x00007fca19c84000 JavaThread "pool-410-thread-3" [_thread_blocked, id=113411, stack(0x000070001962e000,0x000070001972e000)]
  0x00007fca1c6b1000 JavaThread "pool-410-thread-2" [_thread_blocked, id=112387, stack(0x0000700019428000,0x0000700019528000)]
  0x00007fca165fb000 JavaThread "pool-411-thread-1" [_thread_blocked, id=110851, stack(0x000070001911f000,0x000070001921f000)]
  0x00007fca16708000 JavaThread "pool-410-thread-1" [_thread_blocked, id=110095, stack(0x000070001901c000,0x000070001911c000)]
  0x00007fca16704000 JavaThread "pool-403-thread-4" [_thread_blocked, id=109687, stack(0x0000700018e16000,0x0000700018f16000)]
  0x00007fca1c59a800 JavaThread "pool-403-thread-3" [_thread_blocked, id=79923, stack(0x0000700018d13000,0x0000700018e13000)]
  0x00007fca16b2c800 JavaThread "pool-403-thread-2" [_thread_blocked, id=108919, stack(0x0000700018be5000,0x0000700018ce5000)]
  0x00007fca15f58000 JavaThread "pool-403-thread-1" [_thread_blocked, id=15727, stack(0x0000700016370000,0x0000700016470000)]
  0x00007fca19b06800 JavaThread "process reaper" daemon [_thread_blocked, id=79871, stack(0x0000700018ce8000,0x0000700018d10000)]
  0x00007fca16ee3000 JavaThread "pool-397-thread-4" [_thread_blocked, id=25355, stack(0x0000700010b6d000,0x0000700010c6d000)]
  0x00007fca1adbe000 JavaThread "pool-397-thread-3" [_thread_blocked, id=5391, stack(0x0000700010a6a000,0x0000700010b6a000)]
  0x00007fca1a9ec000 JavaThread "pool-397-thread-2" [_thread_blocked, id=108299, stack(0x0000700010967000,0x0000700010a67000)]
  0x00007fca15ebc800 JavaThread "pool-397-thread-1" [_thread_blocked, id=4631, stack(0x0000700010864000,0x0000700010964000)]
  0x00007fca19904000 JavaThread "Stdin handler" [_thread_blocked, id=23055, stack(0x0000700010633000,0x0000700010733000)]
  0x00007fca19a54000 JavaThread "Asynchronous log dispatcher for org.gradle.launcher.daemon.server.DefaultDaemonConnection@6990463b" [_thread_blocked, id=22031, stack(0x0000700010530000,0x0000700010630000)]
  0x00007fca1b2a9000 JavaThread "Daemon worker Thread 2" [_thread_blocked, id=21519, stack(0x000070001042d000,0x000070001052d000)]
  0x00007fca16b40800 JavaThread "Cancel handler" [_thread_blocked, id=109439, stack(0x000070001032a000,0x000070001042a000)]
  0x00007fca15f1c000 JavaThread "Handler for socket connection from /127.0.0.1:50863 to /127.0.0.1:63503" [_thread_in_native, id=22535, stack(0x0000700010227000,0x0000700010327000)]
  0x00007fca1b610000 JavaThread "Daemon Thread 2" [_thread_blocked, id=20999, stack(0x0000700010124000,0x0000700010224000)]
  0x00007fca16f36800 JavaThread "stdout" daemon [_thread_in_native, id=107267, stack(0x0000700018ae2000,0x0000700018be2000)]
  0x00007fca16f36000 JavaThread "stderr" daemon [_thread_in_native, id=106755, stack(0x00007000189df000,0x0000700018adf000)]
  0x00007fca16f35000 JavaThread "process reaper" daemon [_thread_in_native, id=106243, stack(0x00007000189b4000,0x00007000189dc000)]
  0x00007fca1660c800 JavaThread "stdout" daemon [_thread_in_native, id=105731, stack(0x00007000188b1000,0x00007000189b1000)]
  0x00007fca16f34800 JavaThread "stderr" daemon [_thread_in_native, id=105219, stack(0x00007000187ae000,0x00007000188ae000)]
  0x00007fca1660c000 JavaThread "stdout" daemon [_thread_in_native, id=104707, stack(0x00007000186ab000,0x00007000187ab000)]
  0x00007fca1660b000 JavaThread "stderr" daemon [_thread_in_native, id=104195, stack(0x00007000185a8000,0x00007000186a8000)]
  0x00007fca15f0e000 JavaThread "process reaper" daemon [_thread_in_native, id=103683, stack(0x000070001857d000,0x00007000185a5000)]
  0x00007fca19ca2800 JavaThread "process reaper" daemon [_thread_in_native, id=103171, stack(0x0000700018552000,0x000070001857a000)]
  0x00007fca15f0d800 JavaThread "stdout" daemon [_thread_in_native, id=102659, stack(0x000070001844f000,0x000070001854f000)]
  0x00007fca16608800 JavaThread "stderr" daemon [_thread_in_native, id=102147, stack(0x000070001834c000,0x000070001844c000)]
  0x00007fca1b282000 JavaThread "process reaper" daemon [_thread_in_native, id=101635, stack(0x0000700018321000,0x0000700018349000)]
  0x00007fca1a39a800 JavaThread "stdout" daemon [_thread_in_native, id=101123, stack(0x000070001821e000,0x000070001831e000)]
  0x00007fca1a39a000 JavaThread "stderr" daemon [_thread_in_native, id=100611, stack(0x000070001811b000,0x000070001821b000)]
  0x00007fca1b5cf000 JavaThread "process reaper" daemon [_thread_in_native, id=100099, stack(0x00007000180f0000,0x0000700018118000)]
  0x00007fca19b5d800 JavaThread "stdout" daemon [_thread_in_native, id=99587, stack(0x0000700017fed000,0x00007000180ed000)]
  0x00007fca15c42000 JavaThread "stderr" daemon [_thread_in_native, id=99075, stack(0x0000700017eea000,0x0000700017fea000)]
  0x00007fca16607800 JavaThread "stdout" daemon [_thread_in_native, id=98563, stack(0x0000700017de7000,0x0000700017ee7000)]
  0x00007fca16607000 JavaThread "stderr" daemon [_thread_in_native, id=98051, stack(0x0000700017ce4000,0x0000700017de4000)]
  0x00007fca1b371800 JavaThread "process reaper" daemon [_thread_in_native, id=97539, stack(0x0000700017cb9000,0x0000700017ce1000)]
  0x00007fca15c41000 JavaThread "stdout" daemon [_thread_in_native, id=97027, stack(0x0000700017bb6000,0x0000700017cb6000)]
  0x00007fca1a399000 JavaThread "stdout" daemon [_thread_in_native, id=96515, stack(0x0000700017ab3000,0x0000700017bb3000)]
  0x00007fca15c40800 JavaThread "process reaper" daemon [_thread_in_native, id=96003, stack(0x0000700017a88000,0x0000700017ab0000)]
  0x00007fca1b370800 JavaThread "stderr" daemon [_thread_in_native, id=95491, stack(0x0000700017985000,0x0000700017a85000)]
  0x00007fca1a398800 JavaThread "stderr" daemon [_thread_in_native, id=94979, stack(0x0000700017882000,0x0000700017982000)]
  0x00007fca1b370000 JavaThread "stdout" daemon [_thread_in_native, id=94467, stack(0x000070001777f000,0x000070001787f000)]
  0x00007fca19b5d000 JavaThread "stderr" daemon [_thread_in_native, id=93955, stack(0x000070001767c000,0x000070001777c000)]
  0x00007fca1b36f000 JavaThread "stdout" daemon [_thread_in_native, id=93443, stack(0x0000700017579000,0x0000700017679000)]
  0x00007fca1a397800 JavaThread "stderr" daemon [_thread_in_native, id=92931, stack(0x0000700017476000,0x0000700017576000)]
  0x00007fca1b36e800 JavaThread "process reaper" daemon [_thread_in_native, id=92419, stack(0x000070001744b000,0x0000700017473000)]
  0x00007fca19b5c000 JavaThread "process reaper" daemon [_thread_in_native, id=91907, stack(0x0000700017420000,0x0000700017448000)]
  0x00007fca19b5b800 JavaThread "process reaper" daemon [_thread_in_native, id=91395, stack(0x00007000173f5000,0x000070001741d000)]
  0x00007fca19b5a800 JavaThread "process reaper" daemon [_thread_in_native, id=90883, stack(0x00007000173ca000,0x00007000173f2000)]
  0x00007fca1b36d800 JavaThread "stdout" daemon [_thread_in_native, id=90371, stack(0x00007000172c7000,0x00007000173c7000)]
  0x00007fca1b36d000 JavaThread "stderr" daemon [_thread_in_native, id=89859, stack(0x00007000171c4000,0x00007000172c4000)]
  0x00007fca19b5a000 JavaThread "process reaper" daemon [_thread_in_native, id=89347, stack(0x0000700017199000,0x00007000171c1000)]
  0x00007fca15c3f800 JavaThread "stdout" daemon [_thread_in_native, id=88835, stack(0x0000700017096000,0x0000700017196000)]
  0x00007fca19b59000 JavaThread "stdout" daemon [_thread_in_native, id=88323, stack(0x0000700016f93000,0x0000700017093000)]
  0x00007fca1a397000 JavaThread "stderr" daemon [_thread_in_native, id=87811, stack(0x0000700016e90000,0x0000700016f90000)]
  0x00007fca19ae9000 JavaThread "stderr" daemon [_thread_in_native, id=87299, stack(0x0000700016d8d000,0x0000700016e8d000)]
  0x00007fca1b36c000 JavaThread "stdout" daemon [_thread_in_native, id=86787, stack(0x0000700016c8a000,0x0000700016d8a000)]
  0x00007fca1b36b800 JavaThread "stderr" daemon [_thread_in_native, id=86275, stack(0x0000700016b87000,0x0000700016c87000)]
  0x00007fca1b0ae000 JavaThread "process reaper" daemon [_thread_in_native, id=85763, stack(0x0000700016b5c000,0x0000700016b84000)]
  0x00007fca15ce6000 JavaThread "process reaper" daemon [_thread_in_native, id=85251, stack(0x0000700016b31000,0x0000700016b59000)]
  0x00007fca1b0ad000 JavaThread "process reaper" daemon [_thread_in_native, id=84739, stack(0x0000700016b06000,0x0000700016b2e000)]
  0x00007fca1b0ac800 JavaThread "stdout" daemon [_thread_in_native, id=84227, stack(0x0000700016a03000,0x0000700016b03000)]
  0x00007fca1b0ab800 JavaThread "stderr" daemon [_thread_in_native, id=83715, stack(0x0000700016900000,0x0000700016a00000)]
  0x00007fca1b0ab000 JavaThread "process reaper" daemon [_thread_in_native, id=83203, stack(0x00007000168d5000,0x00007000168fd000)]
  0x00007fca1b1a2800 JavaThread "stdout" daemon [_thread_in_native, id=82691, stack(0x00007000167d2000,0x00007000168d2000)]
  0x00007fca1b1a1800 JavaThread "stderr" daemon [_thread_in_native, id=82179, stack(0x00007000166cf000,0x00007000167cf000)]
  0x00007fca1b263000 JavaThread "process reaper" daemon [_thread_in_native, id=81667, stack(0x00007000166a4000,0x00007000166cc000)]
  0x00007fca19ae7800 JavaThread "stdout" daemon [_thread_in_native, id=81155, stack(0x00007000165a1000,0x00007000166a1000)]
  0x00007fca1b260800 JavaThread "stderr" daemon [_thread_in_native, id=80643, stack(0x000070001649e000,0x000070001659e000)]
  0x00007fca1a396000 JavaThread "process reaper" daemon [_thread_in_native, id=80131, stack(0x0000700016473000,0x000070001649b000)]
  0x00007fca19857000 JavaThread "stdout" daemon [_thread_in_native, id=79107, stack(0x000070001626d000,0x000070001636d000)]
  0x00007fca1b260000 JavaThread "stderr" daemon [_thread_in_native, id=78595, stack(0x000070001616a000,0x000070001626a000)]
  0x00007fca1a0ae800 JavaThread "stdout" daemon [_thread_in_native, id=78083, stack(0x0000700016067000,0x0000700016167000)]
  0x00007fca19856800 JavaThread "stderr" daemon [_thread_in_native, id=77571, stack(0x0000700015f64000,0x0000700016064000)]
  0x00007fca1657e000 JavaThread "process reaper" daemon [_thread_in_native, id=77059, stack(0x0000700015f39000,0x0000700015f61000)]
  0x00007fca1b25f000 JavaThread "png-cruncher_20" daemon [_thread_blocked, id=76547, stack(0x0000700015e36000,0x0000700015f36000)]
  0x00007fca19855800 JavaThread "png-cruncher_19" daemon [_thread_blocked, id=76035, stack(0x0000700015d33000,0x0000700015e33000)]
  0x00007fca19855000 JavaThread "png-cruncher_18" daemon [_thread_blocked, id=75523, stack(0x0000700015c30000,0x0000700015d30000)]
  0x00007fca19854000 JavaThread "png-cruncher_17" daemon [_thread_blocked, id=75011, stack(0x0000700015b2d000,0x0000700015c2d000)]
  0x00007fca19853800 JavaThread "png-cruncher_16" daemon [_thread_blocked, id=74499, stack(0x0000700015a2a000,0x0000700015b2a000)]
  0x00007fca1ae52800 JavaThread "png-cruncher_15" daemon [_thread_blocked, id=73987, stack(0x0000700015927000,0x0000700015a27000)]
  0x00007fca1ae51800 JavaThread "png-cruncher_14" daemon [_thread_blocked, id=73475, stack(0x0000700015824000,0x0000700015924000)]
  0x00007fca1b25e800 JavaThread "png-cruncher_13" daemon [_thread_blocked, id=72963, stack(0x0000700015721000,0x0000700015821000)]
  0x00007fca1b25d800 JavaThread "png-cruncher_12" daemon [_thread_blocked, id=72451, stack(0x000070001561e000,0x000070001571e000)]
  0x00007fca19852800 JavaThread "png-cruncher_11" daemon [_thread_blocked, id=71939, stack(0x000070001551b000,0x000070001561b000)]
  0x00007fca15733000 JavaThread "png-cruncher_10" daemon [_thread_blocked, id=71427, stack(0x0000700015418000,0x0000700015518000)]
  0x00007fca15732800 JavaThread "png-cruncher_9" daemon [_thread_blocked, id=70915, stack(0x0000700015315000,0x0000700015415000)]
  0x00007fca15731800 JavaThread "png-cruncher_8" daemon [_thread_blocked, id=70403, stack(0x0000700015212000,0x0000700015312000)]
  0x00007fca1a0c4000 JavaThread "png-cruncher_7" daemon [_thread_blocked, id=69891, stack(0x000070001510f000,0x000070001520f000)]
  0x00007fca15d17000 JavaThread "png-cruncher_6" daemon [_thread_blocked, id=69379, stack(0x000070001500c000,0x000070001510c000)]
  0x00007fca1b187800 JavaThread "png-cruncher_5" daemon [_thread_blocked, id=68111, stack(0x0000700014f09000,0x0000700015009000)]
  0x00007fca15731000 JavaThread "png-cruncher_4" daemon [_thread_blocked, id=67855, stack(0x0000700014e06000,0x0000700014f06000)]
  0x00007fca15730000 JavaThread "png-cruncher_3" daemon [_thread_blocked, id=69131, stack(0x0000700014d03000,0x0000700014e03000)]
  0x00007fca1572f800 JavaThread "png-cruncher_2" daemon [_thread_blocked, id=66827, stack(0x0000700014bd5000,0x0000700014cd5000)]
  0x00007fca19819000 JavaThread "png-cruncher_1" daemon [_thread_blocked, id=43279, stack(0x0000700012aca000,0x0000700012bca000)]
  0x00007fca1a5e4800 JavaThread "process reaper" daemon [_thread_in_native, id=67331, stack(0x0000700014cd8000,0x0000700014d00000)]
  0x00007fca19af5800 JavaThread "stdout" daemon [_thread_in_native, id=66307, stack(0x0000700014ad2000,0x0000700014bd2000)]
  0x00007fca1aff5000 JavaThread "stderr" daemon [_thread_in_native, id=65795, stack(0x00007000149cf000,0x0000700014acf000)]
  0x00007fca1aff4800 JavaThread "process reaper" daemon [_thread_in_native, id=65283, stack(0x00007000149a4000,0x00007000149cc000)]
  0x00007fca1b65b800 JavaThread "stdout" daemon [_thread_in_native, id=64771, stack(0x00007000148a1000,0x00007000149a1000)]
  0x00007fca1b65b000 JavaThread "stderr" daemon [_thread_in_native, id=64259, stack(0x000070001479e000,0x000070001489e000)]
  0x00007fca1664c800 JavaThread "process reaper" daemon [_thread_in_native, id=63747, stack(0x0000700014773000,0x000070001479b000)]
  0x00007fca1aff3800 JavaThread "stdout" daemon [_thread_in_native, id=63235, stack(0x0000700014670000,0x0000700014770000)]
  0x00007fca19af4800 JavaThread "stderr" daemon [_thread_in_native, id=62723, stack(0x000070001456d000,0x000070001466d000)]
  0x00007fca19e1f000 JavaThread "process reaper" daemon [_thread_in_native, id=62211, stack(0x0000700014542000,0x000070001456a000)]
  0x00007fca1aff3000 JavaThread "stdout" daemon [_thread_in_native, id=61699, stack(0x000070001443f000,0x000070001453f000)]
  0x00007fca1a1f1800 JavaThread "stderr" daemon [_thread_in_native, id=61187, stack(0x000070001433c000,0x000070001443c000)]
  0x00007fca1a1e4800 JavaThread "process reaper" daemon [_thread_in_native, id=60675, stack(0x0000700014311000,0x0000700014339000)]
  0x00007fca1aff2000 JavaThread "stdout" daemon [_thread_in_native, id=60163, stack(0x000070001420e000,0x000070001430e000)]
  0x00007fca1a5e6000 JavaThread "stderr" daemon [_thread_in_native, id=59651, stack(0x000070001410b000,0x000070001420b000)]
  0x00007fca19e1e000 JavaThread "process reaper" daemon [_thread_in_native, id=59139, stack(0x00007000140e0000,0x0000700014108000)]
  0x00007fca1a1f0800 JavaThread "stdout" daemon [_thread_in_native, id=58627, stack(0x0000700013fdd000,0x00007000140dd000)]
  0x00007fca1a1f0000 JavaThread "stderr" daemon [_thread_in_native, id=58115, stack(0x0000700013eda000,0x0000700013fda000)]
  0x00007fca19e09000 JavaThread "process reaper" daemon [_thread_in_native, id=57603, stack(0x0000700013eaf000,0x0000700013ed7000)]
  0x00007fca1ac65000 JavaThread "stdout" daemon [_thread_in_native, id=57091, stack(0x0000700013dac000,0x0000700013eac000)]
  0x00007fca1ac64800 JavaThread "stderr" daemon [_thread_in_native, id=56579, stack(0x0000700013ca9000,0x0000700013da9000)]
  0x00007fca1ac63800 JavaThread "process reaper" daemon [_thread_in_native, id=56067, stack(0x0000700013c7e000,0x0000700013ca6000)]
  0x00007fca1ac63000 JavaThread "stdout" daemon [_thread_in_native, id=55555, stack(0x0000700013b7b000,0x0000700013c7b000)]
  0x00007fca1ac62000 JavaThread "stderr" daemon [_thread_in_native, id=55043, stack(0x0000700013a78000,0x0000700013b78000)]
  0x00007fca1ac61800 JavaThread "process reaper" daemon [_thread_in_native, id=54531, stack(0x0000700013a4d000,0x0000700013a75000)]
  0x00007fca1a1ef000 JavaThread "stdout" daemon [_thread_in_native, id=54019, stack(0x000070001394a000,0x0000700013a4a000)]
  0x00007fca1662d000 JavaThread "stderr" daemon [_thread_in_native, id=53507, stack(0x0000700013847000,0x0000700013947000)]
  0x00007fca1a1ee800 JavaThread "process reaper" daemon [_thread_in_native, id=52995, stack(0x000070001381c000,0x0000700013844000)]
  0x00007fca1a1ed800 JavaThread "stdout" daemon [_thread_in_native, id=52483, stack(0x0000700013719000,0x0000700013819000)]
  0x00007fca1662c800 JavaThread "stderr" daemon [_thread_in_native, id=51971, stack(0x0000700013616000,0x0000700013716000)]
  0x00007fca1662b800 JavaThread "process reaper" daemon [_thread_in_native, id=51459, stack(0x00007000135eb000,0x0000700013613000)]
  0x00007fca19a34800 JavaThread "stdout" daemon [_thread_in_native, id=50947, stack(0x00007000134e8000,0x00007000135e8000)]
  0x00007fca1a9f7000 JavaThread "stderr" daemon [_thread_in_native, id=50435, stack(0x00007000133e5000,0x00007000134e5000)]
  0x00007fca1a9f6800 JavaThread "process reaper" daemon [_thread_in_native, id=49923, stack(0x000070000f8df000,0x000070000f907000)]
  0x00007fca1a9f5800 JavaThread "stdout" daemon [_thread_in_native, id=49411, stack(0x00007000132e2000,0x00007000133e2000)]
  0x00007fca1a9f5000 JavaThread "stderr" daemon [_thread_in_native, id=48899, stack(0x00007000131df000,0x00007000132df000)]
  0x00007fca162c0800 JavaThread "stdout" daemon [_thread_in_native, id=48387, stack(0x00007000130dc000,0x00007000131dc000)]
  0x00007fca19a21000 JavaThread "stderr" daemon [_thread_in_native, id=47875, stack(0x0000700012fd9000,0x00007000130d9000)]
  0x00007fca1607b800 JavaThread "process reaper" daemon [_thread_in_native, id=47363, stack(0x000070000f8b4000,0x000070000f8dc000)]
  0x00007fca1524c000 JavaThread "process reaper" daemon [_thread_in_native, id=46851, stack(0x000070000f889000,0x000070000f8b1000)]
  0x00007fca1a9f4000 JavaThread "stdout" daemon [_thread_in_native, id=46339, stack(0x0000700012ed6000,0x0000700012fd6000)]
  0x00007fca1ad54800 JavaThread "stderr" daemon [_thread_in_native, id=45827, stack(0x0000700012dd3000,0x0000700012ed3000)]
  0x00007fca1673d800 JavaThread "process reaper" daemon [_thread_in_native, id=45315, stack(0x000070000f044000,0x000070000f06c000)]
  0x00007fca1a5e8000 JavaThread "stdout" daemon [_thread_in_native, id=44803, stack(0x0000700012cd0000,0x0000700012dd0000)]
  0x00007fca1a5e7000 JavaThread "stderr" daemon [_thread_in_native, id=44291, stack(0x0000700012bcd000,0x0000700012ccd000)]
  0x00007fca184cf000 JavaThread "process reaper" daemon [_thread_in_native, id=43779, stack(0x000070000f019000,0x000070000f041000)]
  0x00007fca186b8000 JavaThread "stdout" daemon [_thread_in_native, id=42755, stack(0x00007000129c7000,0x0000700012ac7000)]
  0x00007fca1a9f3800 JavaThread "stderr" daemon [_thread_in_native, id=42243, stack(0x00007000128c4000,0x00007000129c4000)]
  0x00007fca1985a000 JavaThread "process reaper" daemon [_thread_in_native, id=41731, stack(0x000070000efee000,0x000070000f016000)]
  0x00007fca1ae6c000 JavaThread "stdout" daemon [_thread_in_native, id=41219, stack(0x00007000127c1000,0x00007000128c1000)]
  0x00007fca1ae6b800 JavaThread "stderr" daemon [_thread_in_native, id=40707, stack(0x00007000126be000,0x00007000127be000)]
  0x00007fca1ae6a800 JavaThread "process reaper" daemon [_thread_in_native, id=40195, stack(0x000070000ef3e000,0x000070000ef66000)]
  0x00007fca1a89c800 JavaThread "stdout" daemon [_thread_in_native, id=39683, stack(0x00007000125bb000,0x00007000126bb000)]
  0x00007fca1a89b800 JavaThread "stderr" daemon [_thread_in_native, id=39171, stack(0x00007000124b8000,0x00007000125b8000)]
  0x00007fca1a714000 JavaThread "process reaper" daemon [_thread_in_native, id=38659, stack(0x000070000ef13000,0x000070000ef3b000)]
  0x00007fca1a713800 JavaThread "stdout" daemon [_thread_in_native, id=38147, stack(0x00007000123b5000,0x00007000124b5000)]
  0x00007fca16f83000 JavaThread "stderr" daemon [_thread_in_native, id=37635, stack(0x00007000122b2000,0x00007000123b2000)]
  0x00007fca1878a800 JavaThread "process reaper" daemon [_thread_in_native, id=37123, stack(0x000070000eee8000,0x000070000ef10000)]
  0x00007fca1b423000 JavaThread "stdout" daemon [_thread_in_native, id=36611, stack(0x00007000121af000,0x00007000122af000)]
  0x00007fca1a89b000 JavaThread "stderr" daemon [_thread_in_native, id=36099, stack(0x00007000120ac000,0x00007000121ac000)]
  0x00007fca16f82000 JavaThread "png-cruncher_20" daemon [_thread_blocked, id=35587, stack(0x0000700011fa9000,0x00007000120a9000)]
  0x00007fca1b422800 JavaThread "png-cruncher_19" daemon [_thread_blocked, id=35075, stack(0x0000700011ea6000,0x0000700011fa6000)]
  0x00007fca1b47a000 JavaThread "png-cruncher_18" daemon [_thread_blocked, id=34563, stack(0x0000700011da3000,0x0000700011ea3000)]
  0x00007fca1b479800 JavaThread "png-cruncher_17" daemon [_thread_blocked, id=34051, stack(0x0000700011ca0000,0x0000700011da0000)]
  0x00007fca15b42000 JavaThread "png-cruncher_16" daemon [_thread_blocked, id=33539, stack(0x0000700011b9d000,0x0000700011c9d000)]
  0x00007fca16ad2000 JavaThread "png-cruncher_15" daemon [_thread_blocked, id=33027, stack(0x0000700011a9a000,0x0000700011b9a000)]
  0x00007fca16ad1000 JavaThread "png-cruncher_14" daemon [_thread_blocked, id=32515, stack(0x0000700011997000,0x0000700011a97000)]
  0x00007fca16ba7000 JavaThread "png-cruncher_13" daemon [_thread_blocked, id=32003, stack(0x0000700011894000,0x0000700011994000)]
  0x00007fca1a563000 JavaThread "png-cruncher_12" daemon [_thread_blocked, id=31491, stack(0x0000700011791000,0x0000700011891000)]
  0x00007fca16f98800 JavaThread "png-cruncher_11" daemon [_thread_blocked, id=30979, stack(0x000070001168e000,0x000070001178e000)]
  0x00007fca16fe5800 JavaThread "png-cruncher_10" daemon [_thread_blocked, id=30467, stack(0x000070001158b000,0x000070001168b000)]
  0x00007fca1a174800 JavaThread "png-cruncher_9" daemon [_thread_blocked, id=29955, stack(0x0000700011488000,0x0000700011588000)]
  0x00007fca1684d800 JavaThread "png-cruncher_8" daemon [_thread_blocked, id=29443, stack(0x0000700011385000,0x0000700011485000)]
  0x00007fca168c0000 JavaThread "png-cruncher_7" daemon [_thread_blocked, id=28931, stack(0x0000700011282000,0x0000700011382000)]
  0x00007fca16f7c800 JavaThread "png-cruncher_6" daemon [_thread_blocked, id=28419, stack(0x000070001117f000,0x000070001127f000)]
  0x00007fca19e9d000 JavaThread "png-cruncher_5" daemon [_thread_blocked, id=27907, stack(0x000070001107c000,0x000070001117c000)]
  0x00007fca1b68a000 JavaThread "png-cruncher_4" daemon [_thread_blocked, id=27395, stack(0x0000700010f79000,0x0000700011079000)]
  0x00007fca199c8800 JavaThread "png-cruncher_3" daemon [_thread_blocked, id=26883, stack(0x0000700010e76000,0x0000700010f76000)]
  0x00007fca1a21f800 JavaThread "png-cruncher_2" daemon [_thread_blocked, id=26371, stack(0x0000700010d73000,0x0000700010e73000)]
  0x00007fca1b5b2000 JavaThread "png-cruncher_1" daemon [_thread_blocked, id=25859, stack(0x0000700010c70000,0x0000700010d70000)]
  0x00007fca18c56800 JavaThread "File lock request listener" [_thread_in_native, id=24579, stack(0x0000700010761000,0x0000700010861000)]
  0x00007fca17ecb000 JavaThread "process reaper" daemon [_thread_in_native, id=24067, stack(0x0000700010736000,0x000070001075e000)]
  0x00007fca155dc800 JavaThread "pool-1-thread-1" [_thread_blocked, id=20483, stack(0x0000700010021000,0x0000700010121000)]
  0x00007fca15b30800 JavaThread "Incoming local TCP Connector on port 50863" [_thread_in_native, id=19971, stack(0x000070000ff1e000,0x000070001001e000)]
  0x00007fca16006000 JavaThread "Service Thread" daemon [_thread_blocked, id=18947, stack(0x000070000fd18000,0x000070000fe18000)]
  0x00007fca15059000 JavaThread "C1 CompilerThread2" daemon [_thread_blocked, id=18435, stack(0x000070000fc15000,0x000070000fd15000)]
  0x00007fca15048000 JavaThread "C2 CompilerThread1" daemon [_thread_in_native, id=17923, stack(0x000070000fb12000,0x000070000fc12000)]
  0x00007fca15040800 JavaThread "C2 CompilerThread0" daemon [_thread_blocked, id=17411, stack(0x000070000fa0f000,0x000070000fb0f000)]
  0x00007fca15057000 JavaThread "Signal Dispatcher" daemon [_thread_blocked, id=16899, stack(0x000070000f90c000,0x000070000fa0c000)]
  0x00007fca1503c800 JavaThread "Finalizer" daemon [_thread_blocked, id=12547, stack(0x000070000f786000,0x000070000f886000)]
  0x00007fca16000800 JavaThread "Reference Handler" daemon [_thread_blocked, id=12035, stack(0x000070000f683000,0x000070000f783000)]
  0x00007fca1500c000 JavaThread "main" [_thread_blocked, id=7171, stack(0x000070000f071000,0x000070000f171000)]

Other Threads:
  0x00007fca1580e000 VMThread [stack: 0x000070000f580000,0x000070000f680000] [id=11523]
  0x00007fca1507c000 WatcherThread [stack: 0x000070000fe1b000,0x000070000ff1b000] [id=19459]

=>0x00007fca16803000 (exited) GCTaskThread [stack: 0x000070000f47d000,0x000070000f57d000] [id=11011]

VM state:at safepoint (normal execution)

VM Mutex/Monitor currently owned by a thread:  ([mutex/lock_event])
[0x00007fca14c0cfd0] Threads_lock - owner thread: 0x00007fca1580e000
[0x00007fca14c0d4d0] Heap_lock - owner thread: 0x00007fca19bd8000

Heap:
 PSYoungGen      total 357376K, used 357364K [0x00000007a0000000, 0x00000007bd900000, 0x00000007c0000000)
  eden space 294400K, 100% used [0x00000007a0000000,0x00000007b1f80000,0x00000007b1f80000)
  from space 62976K, 99% used [0x00000007b1f80000,0x00000007b5cfd168,0x00000007b5d00000)
  to   space 80384K, 99% used [0x00000007b8a80000,0x00000007bd8fb338,0x00000007bd900000)
 ParOldGen       total 759808K, used 705280K [0x0000000760000000, 0x000000078e600000, 0x00000007a0000000)
  object space 759808K, 92% used [0x0000000760000000,0x000000078b0c0338,0x000000078e600000)
 Metaspace       used 78104K, capacity 85320K, committed 85504K, reserved 1124352K
  class space    used 9864K, capacity 10719K, committed 10752K, reserved 1048576K

Card table byte_map: [0x000000010f8b6000,0x000000010fbb7000] byte_map_base: 0x000000010bdb6000

Marking Bits: (ParMarkBitMap*) 0x000000010f28bed0
 Begin Bits: [0x000000010fdb7000, 0x00000001115b7000)
 End Bits:   [0x00000001115b7000, 0x0000000112db7000)

Polling page: 0x000000010e0d9000

CodeCache: size=245760Kb used=63265Kb max_used=63849Kb free=182494Kb
 bounds [0x000000011a865000, 0x000000011e725000, 0x0000000129865000]
 total_blobs=18405 nmethods=17631 adapters=686
 compilation: enabled

Compilation events (10 events):
Event: 811.650 Thread 0x00007fca15059000 nmethod 23892 0x000000011cac7c50 code [0x000000011cac7da0, 0x000000011cac7f10]
Event: 811.650 Thread 0x00007fca15059000 23898       2       com.android.dx.dex.code.OutputCollector::<init> (34 bytes)
Event: 811.651 Thread 0x00007fca15059000 nmethod 23898 0x000000011cac76d0 code [0x000000011cac7840, 0x000000011cac7af8]
Event: 811.651 Thread 0x00007fca15059000 23904       2       com.android.dx.dex.code.RopTranslator$LocalVariableAwareTranslationVisitor::<init> (17 bytes)
Event: 811.651 Thread 0x00007fca15059000 nmethod 23904 0x000000011cac7350 code [0x000000011cac74a0, 0x000000011cac7650]
Event: 811.651 Thread 0x00007fca15059000 24120       2       com.android.dx.rop.type.Type::getComponentType (70 bytes)
Event: 811.652 Thread 0x00007fca15059000 nmethod 24120 0x000000011cac68d0 code [0x000000011cac6aa0, 0x000000011cac6fe8]
Event: 811.652 Thread 0x00007fca15059000 23965       2       com.android.dx.cf.code.BasicBlocker::<init> (79 bytes)
Event: 811.653 Thread 0x00007fca15059000 nmethod 23965 0x000000011cac5f50 code [0x000000011cac60e0, 0x000000011cac6648]
Event: 811.653 Thread 0x00007fca15059000 24158       2       com.android.dx.util.ByteArray::makeDataInputStream (12 bytes)

GC Heap History (10 events):
Event: 555.746 GC heap after
Heap after GC invocations=93 (full 6):
 PSYoungGen      total 327680K, used 0K [0x00000007a0000000, 0x00000007b8380000, 0x00000007c0000000)
  eden space 295936K, 0% used [0x00000007a0000000,0x00000007a0000000,0x00000007b2100000)
  from space 31744K, 0% used [0x00000007b2100000,0x00000007b2100000,0x00000007b4000000)
  to   space 50176K, 0% used [0x00000007b5280000,0x00000007b5280000,0x00000007b8380000)
 ParOldGen       total 415232K, used 296673K [0x0000000760000000, 0x0000000779580000, 0x00000007a0000000)
  object space 415232K, 71% used [0x0000000760000000,0x00000007721b8540,0x0000000779580000)
 Metaspace       used 67929K, capacity 74688K, committed 74752K, reserved 1114112K
  class space    used 8674K, capacity 9461K, committed 9472K, reserved 1048576K
}
Event: 802.137 GC heap before
{Heap before GC invocations=94 (full 6):
 PSYoungGen      total 327680K, used 295936K [0x00000007a0000000, 0x00000007b8380000, 0x00000007c0000000)
  eden space 295936K, 100% used [0x00000007a0000000,0x00000007b2100000,0x00000007b2100000)
  from space 31744K, 0% used [0x00000007b2100000,0x00000007b2100000,0x00000007b4000000)
  to   space 50176K, 0% used [0x00000007b5280000,0x00000007b5280000,0x00000007b8380000)
 ParOldGen       total 415232K, used 296673K [0x0000000760000000, 0x0000000779580000, 0x00000007a0000000)
  object space 415232K, 71% used [0x0000000760000000,0x00000007721b8540,0x0000000779580000)
 Metaspace       used 73263K, capacity 80182K, committed 80384K, reserved 1120256K
  class space    used 9344K, capacity 10168K, committed 10240K, reserved 1048576K
Event: 802.174 GC heap after
Heap after GC invocations=94 (full 6):
 PSYoungGen      total 347136K, used 23523K [0x00000007a0000000, 0x00000007b8a80000, 0x00000007c0000000)
  eden space 296960K, 0% used [0x00000007a0000000,0x00000007a0000000,0x00000007b2200000)
  from space 50176K, 46% used [0x00000007b5280000,0x00000007b6978c10,0x00000007b8380000)
  to   space 49664K, 0% used [0x00000007b2200000,0x00000007b2200000,0x00000007b5280000)
 ParOldGen       total 415232K, used 296681K [0x0000000760000000, 0x0000000779580000, 0x00000007a0000000)
  object space 415232K, 71% used [0x0000000760000000,0x00000007721ba540,0x0000000779580000)
 Metaspace       used 73263K, capacity 80182K, committed 80384K, reserved 1120256K
  class space    used 9344K, capacity 10168K, committed 10240K, reserved 1048576K
}
Event: 804.847 GC heap before
{Heap before GC invocations=95 (full 6):
 PSYoungGen      total 347136K, used 320483K [0x00000007a0000000, 0x00000007b8a80000, 0x00000007c0000000)
  eden space 296960K, 100% used [0x00000007a0000000,0x00000007b2200000,0x00000007b2200000)
  from space 50176K, 46% used [0x00000007b5280000,0x00000007b6978c10,0x00000007b8380000)
  to   space 49664K, 0% used [0x00000007b2200000,0x00000007b2200000,0x00000007b5280000)
 ParOldGen       total 415232K, used 296681K [0x0000000760000000, 0x0000000779580000, 0x00000007a0000000)
  object space 415232K, 71% used [0x0000000760000000,0x00000007721ba540,0x0000000779580000)
 Metaspace       used 77407K, capacity 84616K, committed 84736K, reserved 1124352K
  class space    used 9857K, capacity 10719K, committed 10752K, reserved 1048576K
Event: 804.897 GC heap after
Heap after GC invocations=95 (full 6):
 PSYoungGen      total 346624K, used 27794K [0x00000007a0000000, 0x00000007b8c00000, 0x00000007c0000000)
  eden space 296960K, 0% used [0x00000007a0000000,0x00000007a0000000,0x00000007b2200000)
  from space 49664K, 55% used [0x00000007b2200000,0x00000007b3d24808,0x00000007b5280000)
  to   space 48128K, 0% used [0x00000007b5d00000,0x00000007b5d00000,0x00000007b8c00000)
 ParOldGen       total 415232K, used 296689K [0x0000000760000000, 0x0000000779580000, 0x00000007a0000000)
  object space 415232K, 71% used [0x0000000760000000,0x00000007721bc540,0x0000000779580000)
 Metaspace       used 77407K, capacity 84616K, committed 84736K, reserved 1124352K
  class space    used 9857K, capacity 10719K, committed 10752K, reserved 1048576K
}
Event: 807.919 GC heap before
{Heap before GC invocations=96 (full 6):
 PSYoungGen      total 346624K, used 324754K [0x00000007a0000000, 0x00000007b8c00000, 0x00000007c0000000)
  eden space 296960K, 100% used [0x00000007a0000000,0x00000007b2200000,0x00000007b2200000)
  from space 49664K, 55% used [0x00000007b2200000,0x00000007b3d24808,0x00000007b5280000)
  to   space 48128K, 0% used [0x00000007b5d00000,0x00000007b5d00000,0x00000007b8c00000)
 ParOldGen       total 415232K, used 296689K [0x0000000760000000, 0x0000000779580000, 0x00000007a0000000)
  object space 415232K, 71% used [0x0000000760000000,0x00000007721bc540,0x0000000779580000)
 Metaspace       used 77750K, capacity 85000K, committed 85248K, reserved 1124352K
  class space    used 9858K, capacity 10719K, committed 10752K, reserved 1048576K
Event: 808.064 GC heap after
Heap after GC invocations=96 (full 6):
 PSYoungGen      total 342528K, used 48105K [0x00000007a0000000, 0x00000007bb180000, 0x00000007c0000000)
  eden space 294400K, 0% used [0x00000007a0000000,0x00000007a0000000,0x00000007b1f80000)
  from space 48128K, 99% used [0x00000007b5d00000,0x00000007b8bfa480,0x00000007b8c00000)
  to   space 62976K, 0% used [0x00000007b1f80000,0x00000007b1f80000,0x00000007b5d00000)
 ParOldGen       total 415232K, used 323228K [0x0000000760000000, 0x0000000779580000, 0x00000007a0000000)
  object space 415232K, 77% used [0x0000000760000000,0x0000000773ba7138,0x0000000779580000)
 Metaspace       used 77750K, capacity 85000K, committed 85248K, reserved 1124352K
  class space    used 9858K, capacity 10719K, committed 10752K, reserved 1048576K
}
Event: 809.953 GC heap before
{Heap before GC invocations=97 (full 6):
 PSYoungGen      total 342528K, used 342505K [0x00000007a0000000, 0x00000007bb180000, 0x00000007c0000000)
  eden space 294400K, 100% used [0x00000007a0000000,0x00000007b1f80000,0x00000007b1f80000)
  from space 48128K, 99% used [0x00000007b5d00000,0x00000007b8bfa480,0x00000007b8c00000)
  to   space 62976K, 0% used [0x00000007b1f80000,0x00000007b1f80000,0x00000007b5d00000)
 ParOldGen       total 415232K, used 323228K [0x0000000760000000, 0x0000000779580000, 0x00000007a0000000)
  object space 415232K, 77% used [0x0000000760000000,0x0000000773ba7138,0x0000000779580000)
 Metaspace       used 77902K, capacity 85128K, committed 85248K, reserved 1124352K
  class space    used 9861K, capacity 10719K, committed 10752K, reserved 1048576K
Event: 810.107 GC heap after
Heap after GC invocations=97 (full 6):
 PSYoungGen      total 357376K, used 62964K [0x00000007a0000000, 0x00000007bd900000, 0x00000007c0000000)
  eden space 294400K, 0% used [0x00000007a0000000,0x00000007a0000000,0x00000007b1f80000)
  from space 62976K, 99% used [0x00000007b1f80000,0x00000007b5cfd168,0x00000007b5d00000)
  to   space 80384K, 0% used [0x00000007b8a80000,0x00000007b8a80000,0x00000007bd900000)
 ParOldGen       total 415232K, used 350282K [0x0000000760000000, 0x0000000779580000, 0x00000007a0000000)
  object space 415232K, 84% used [0x0000000760000000,0x0000000775612bb0,0x0000000779580000)
 Metaspace       used 77902K, capacity 85128K, committed 85248K, reserved 1124352K
  class space    used 9861K, capacity 10719K, committed 10752K, reserved 1048576K
}
Event: 811.735 GC heap before
{Heap before GC invocations=98 (full 6):
 PSYoungGen      total 357376K, used 357364K [0x00000007a0000000, 0x00000007bd900000, 0x00000007c0000000)
  eden space 294400K, 100% used [0x00000007a0000000,0x00000007b1f80000,0x00000007b1f80000)
  from space 62976K, 99% used [0x00000007b1f80000,0x00000007b5cfd168,0x00000007b5d00000)
  to   space 80384K, 0% used [0x00000007b8a80000,0x00000007b8a80000,0x00000007bd900000)
 ParOldGen       total 415232K, used 350282K [0x0000000760000000, 0x0000000779580000, 0x00000007a0000000)
  object space 415232K, 84% used [0x0000000760000000,0x0000000775612bb0,0x0000000779580000)
 Metaspace       used 78104K, capacity 85320K, committed 85504K, reserved 1124352K
  class space    used 9864K, capacity 10719K, committed 10752K, reserved 1048576K

Deoptimization events (10 events):
Event: 810.558 Thread 0x00007fca15f58000 Uncommon trap: reason=bimorphic action=maybe_recompile pc=0x000000011e633b50 method=java.util.AbstractMap.hashCode()I @ 3
Event: 810.558 Thread 0x00007fca15f58000 Uncommon trap: reason=bimorphic action=maybe_recompile pc=0x000000011e633b50 method=java.util.AbstractMap.hashCode()I @ 3
Event: 810.564 Thread 0x00007fca15f58000 Uncommon trap: reason=array_check action=maybe_recompile pc=0x000000011e70c624 method=java.util.ComparableTimSort.binarySort([Ljava/lang/Object;III)V @ 193
Event: 810.566 Thread 0x00007fca15f58000 Uncommon trap: reason=unstable_if action=reinterpret pc=0x000000011cb37944 method=java.util.zip.ZipOutputStream.write([BII)V @ 29
Event: 811.397 Thread 0x00007fca15f58000 Uncommon trap: reason=array_check action=maybe_recompile pc=0x000000011e70c624 method=java.util.ComparableTimSort.binarySort([Ljava/lang/Object;III)V @ 193
Event: 811.493 Thread 0x00007fca1c59a800 Uncommon trap: reason=unstable_if action=reinterpret pc=0x000000011b03b824 method=java.util.HashMap.getNode(ILjava/lang/Object;)Ljava/util/HashMap$Node; @ 84
Event: 811.535 Thread 0x00007fca16b2c800 Uncommon trap: reason=array_check action=maybe_recompile pc=0x000000011e70c624 method=java.util.ComparableTimSort.binarySort([Ljava/lang/Object;III)V @ 193
Event: 811.536 Thread 0x00007fca15f58000 Uncommon trap: reason=array_check action=maybe_recompile pc=0x000000011e70c6dc method=java.util.ComparableTimSort.binarySort([Ljava/lang/Object;III)V @ 183
Event: 811.609 Thread 0x00007fca15f58000 Uncommon trap: reason=array_check action=maybe_recompile pc=0x000000011e70c624 method=java.util.ComparableTimSort.binarySort([Ljava/lang/Object;III)V @ 193
Event: 811.614 Thread 0x00007fca15f58000 Uncommon trap: reason=array_check action=maybe_recompile pc=0x000000011dcd9690 method=java.util.ComparableTimSort.binarySort([Ljava/lang/Object;III)V @ 215

Internal exceptions (10 events):
Event: 796.889 Thread 0x00007fca1b2a9000 Implicit null exception at 0x000000011cd72ccc to 0x000000011cd73231
Event: 798.050 Thread 0x00007fca1b2a9000 Implicit null exception at 0x000000011d1505fb to 0x000000011d1514a9
Event: 802.184 Thread 0x00007fca1b2a9000 Implicit null exception at 0x000000011e2ac54b to 0x000000011e2acc65
Event: 802.734 Thread 0x00007fca1b2a9000 Exception <a 'java/lang/NoSuchMethodError': <clinit>> (0x00000007a0e391c8) thrown at [/Volumes/Android_AOSP/AOSP-openjdk/external/jetbrains/jdk/hotspot/src/share/vm/prims/jni.cpp, line 1613]
Event: 803.196 Thread 0x00007fca1b2a9000 Exception <a 'java/io/FileNotFoundException'> (0x00000007ac50cba0) thrown at [/Volumes/Android_AOSP/AOSP-openjdk/external/jetbrains/jdk/hotspot/src/share/vm/prims/jni.cpp, line 709]
Event: 803.229 Thread 0x00007fca1b2a9000 Implicit null exception at 0x000000011cac961b to 0x000000011cacae5d
Event: 803.229 Thread 0x00007fca1b2a9000 Implicit null exception at 0x000000011b478aae to 0x000000011b478d65
Event: 803.229 Thread 0x00007fca1b2a9000 Implicit null exception at 0x000000011cb2e263 to 0x000000011cb307fd
Event: 803.229 Thread 0x00007fca1b2a9000 Implicit null exception at 0x000000011b66c4a8 to 0x000000011b66c979
Event: 809.382 Thread 0x00007fca1c59a800 Implicit null exception at 0x000000011e603b8f to 0x000000011e600d2d

Events (10 events):
Event: 811.614 Thread 0x00007fca15f58000 DEOPT UNPACKING pc=0x000000011a869f69 sp=0x000070001646ed88 mode 2
Event: 811.617 Thread 0x00007fca19c85000 DEOPT PACKING pc=0x000000011d34011b sp=0x000070001982ff40
Event: 811.617 Thread 0x00007fca19c85000 DEOPT UNPACKING pc=0x000000011a8ac373 sp=0x000070001982fcb8 mode 0
Event: 811.634 Thread 0x00007fca165ef800 DEOPT PACKING pc=0x000000011d34011b sp=0x0000700019f450d0
Event: 811.634 Thread 0x00007fca165ef800 DEOPT UNPACKING pc=0x000000011a8ac373 sp=0x0000700019f44e48 mode 0
Event: 811.686 Thread 0x00007fca19c85000 DEOPT PACKING pc=0x000000011d34011b sp=0x000070001982feb0
Event: 811.686 Thread 0x00007fca19c85000 DEOPT UNPACKING pc=0x000000011a8ac373 sp=0x000070001982fc28 mode 0
Event: 811.687 Thread 0x00007fca19c85000 DEOPT PACKING pc=0x000000011d34011b sp=0x000070001982ff40
Event: 811.687 Thread 0x00007fca19c85000 DEOPT UNPACKING pc=0x000000011a8ac373 sp=0x000070001982fcb8 mode 0
Event: 811.712 Executing VM operation: ParallelGCFailedAllocation


Dynamic libraries:
0x00000000307a4000 	/System/Library/Frameworks/Cocoa.framework/Versions/A/Cocoa
0x00000000307a4000 	/System/Library/Frameworks/Security.framework/Versions/A/Security
0x00000000307a4000 	/System/Library/Frameworks/ApplicationServices.framework/Versions/A/ApplicationServices
0x00000000307a4000 	/usr/lib/libz.1.dylib
0x00000000307a4000 	/usr/lib/libSystem.B.dylib
0x00000000307a4000 	/usr/lib/libobjc.A.dylib
0x00000000307a4000 	/System/Library/Frameworks/Foundation.framework/Versions/C/Foundation
0x00000000307a4000 	/System/Library/Frameworks/CoreFoundation.framework/Versions/A/CoreFoundation
0x00000000307a4000 	/System/Library/Frameworks/AppKit.framework/Versions/C/AppKit
0x00000000307a4000 	/System/Library/Frameworks/CoreData.framework/Versions/A/CoreData
0x00000000307a4000 	/System/Library/PrivateFrameworks/RemoteViewServices.framework/Versions/A/RemoteViewServices
0x00000000307a4000 	/System/Library/PrivateFrameworks/UIFoundation.framework/Versions/A/UIFoundation
0x00000000307a4000 	/System/Library/PrivateFrameworks/DFRFoundation.framework/Versions/A/DFRFoundation
0x00000000307a4000 	/usr/lib/libenergytrace.dylib
0x00000000307a4000 	/System/Library/PrivateFrameworks/SkyLight.framework/Versions/A/SkyLight
0x00000000307a4000 	/System/Library/Frameworks/CoreGraphics.framework/Versions/A/CoreGraphics
0x00000000307a4000 	/usr/lib/libScreenReader.dylib
0x00000000307a4000 	/System/Library/Frameworks/Accelerate.framework/Versions/A/Accelerate
0x00000000307a4000 	/System/Library/Frameworks/IOSurface.framework/Versions/A/IOSurface
0x00000000307a4000 	/System/Library/Frameworks/AudioToolbox.framework/Versions/A/AudioToolbox
0x00000000307a4000 	/System/Library/Frameworks/AudioUnit.framework/Versions/A/AudioUnit
0x00000000307a4000 	/System/Library/PrivateFrameworks/DataDetectorsCore.framework/Versions/A/DataDetectorsCore
0x00000000307a4000 	/System/Library/PrivateFrameworks/DesktopServicesPriv.framework/Versions/A/DesktopServicesPriv
0x00000000307a4000 	/System/Library/Frameworks/Carbon.framework/Versions/A/Frameworks/HIToolbox.framework/Versions/A/HIToolbox
0x00000000307a4000 	/usr/lib/libicucore.A.dylib
0x00000000307a4000 	/System/Library/Frameworks/QuartzCore.framework/Versions/A/QuartzCore
0x00000000307a4000 	/System/Library/Frameworks/Carbon.framework/Versions/A/Frameworks/SpeechRecognition.framework/Versions/A/SpeechRecognition
0x00000000307a4000 	/usr/lib/libauto.dylib
0x00000000307a4000 	/usr/lib/libxml2.2.dylib
0x00000000307a4000 	/System/Library/PrivateFrameworks/CoreUI.framework/Versions/A/CoreUI
0x00000000307a4000 	/System/Library/Frameworks/CoreAudio.framework/Versions/A/CoreAudio
0x00000000307a4000 	/System/Library/Frameworks/DiskArbitration.framework/Versions/A/DiskArbitration
0x00000000307a4000 	/usr/lib/liblangid.dylib
0x00000000307a4000 	/System/Library/PrivateFrameworks/MultitouchSupport.framework/Versions/A/MultitouchSupport
0x00000000307a4000 	/System/Library/Frameworks/IOKit.framework/Versions/A/IOKit
0x00000000307a4000 	/usr/lib/libDiagnosticMessagesClient.dylib
0x00000000307a4000 	/System/Library/Frameworks/CoreServices.framework/Versions/A/CoreServices
0x00000000307a4000 	/System/Library/PrivateFrameworks/PerformanceAnalysis.framework/Versions/A/PerformanceAnalysis
0x00000000307a4000 	/System/Library/PrivateFrameworks/GenerationalStorage.framework/Versions/A/GenerationalStorage
0x00000000307a4000 	/System/Library/Frameworks/OpenGL.framework/Versions/A/OpenGL
0x00000000307a4000 	/System/Library/Frameworks/CoreImage.framework/Versions/A/CoreImage
0x00000000307a4000 	/System/Library/Frameworks/CoreText.framework/Versions/A/CoreText
0x00000000307a4000 	/System/Library/Frameworks/ImageIO.framework/Versions/A/ImageIO
0x00000000307a4000 	/System/Library/PrivateFrameworks/Backup.framework/Versions/A/Backup
0x00000000307a4000 	/usr/lib/libarchive.2.dylib
0x00000000307a4000 	/System/Library/Frameworks/CFNetwork.framework/Versions/A/CFNetwork
0x00000000307a4000 	/System/Library/Frameworks/SystemConfiguration.framework/Versions/A/SystemConfiguration
0x00000000307a4000 	/usr/lib/libCRFSuite.dylib
0x00000000307a4000 	/usr/lib/libc++.1.dylib
0x00000000307a4000 	/usr/lib/libc++abi.dylib
0x00000000307a4000 	/usr/lib/system/libcache.dylib
0x00000000307a4000 	/usr/lib/system/libcommonCrypto.dylib
0x00000000307a4000 	/usr/lib/system/libcompiler_rt.dylib
0x00000000307a4000 	/usr/lib/system/libcopyfile.dylib
0x00000000307a4000 	/usr/lib/system/libcorecrypto.dylib
0x00000000307a4000 	/usr/lib/system/libdispatch.dylib
0x00000000307a4000 	/usr/lib/system/libdyld.dylib
0x00000000307a4000 	/usr/lib/system/libkeymgr.dylib
0x00000000307a4000 	/usr/lib/system/liblaunch.dylib
0x00000000307a4000 	/usr/lib/system/libmacho.dylib
0x00000000307a4000 	/usr/lib/system/libquarantine.dylib
0x00000000307a4000 	/usr/lib/system/libremovefile.dylib
0x00000000307a4000 	/usr/lib/system/libsystem_asl.dylib
0x00000000307a4000 	/usr/lib/system/libsystem_blocks.dylib
0x00000000307a4000 	/usr/lib/system/libsystem_c.dylib
0x00000000307a4000 	/usr/lib/system/libsystem_configuration.dylib
0x00000000307a4000 	/usr/lib/system/libsystem_coreservices.dylib
0x00000000307a4000 	/usr/lib/system/libsystem_coretls.dylib
0x00000000307a4000 	/usr/lib/system/libsystem_dnssd.dylib
0x00000000307a4000 	/usr/lib/system/libsystem_info.dylib
0x00000000307a4000 	/usr/lib/system/libsystem_kernel.dylib
0x00000000307a4000 	/usr/lib/system/libsystem_m.dylib
0x00000000307a4000 	/usr/lib/system/libsystem_malloc.dylib
0x00000000307a4000 	/usr/lib/system/libsystem_network.dylib
0x00000000307a4000 	/usr/lib/system/libsystem_networkextension.dylib
0x00000000307a4000 	/usr/lib/system/libsystem_notify.dylib
0x00000000307a4000 	/usr/lib/system/libsystem_platform.dylib
0x00000000307a4000 	/usr/lib/system/libsystem_pthread.dylib
0x00000000307a4000 	/usr/lib/system/libsystem_sandbox.dylib
0x00000000307a4000 	/usr/lib/system/libsystem_secinit.dylib
0x00000000307a4000 	/usr/lib/system/libsystem_symptoms.dylib
0x00000000307a4000 	/usr/lib/system/libsystem_trace.dylib
0x00000000307a4000 	/usr/lib/system/libunwind.dylib
0x00000000307a4000 	/usr/lib/system/libxpc.dylib
0x00000000307a4000 	/usr/lib/libbsm.0.dylib
0x00000000307a4000 	/usr/lib/system/libkxld.dylib
0x00000000307a4000 	/usr/lib/libcoretls.dylib
0x00000000307a4000 	/usr/lib/libcoretls_cfhelpers.dylib
0x00000000307a4000 	/usr/lib/libxar.1.dylib
0x00000000307a4000 	/usr/lib/libsqlite3.dylib
0x00000000307a4000 	/usr/lib/libpam.2.dylib
0x00000000307a4000 	/usr/lib/libOpenScriptingUtil.dylib
0x00000000307a4000 	/usr/lib/libbz2.1.0.dylib
0x00000000307a4000 	/usr/lib/liblzma.5.dylib
0x00000000307a4000 	/usr/lib/libnetwork.dylib
0x00000000307a4000 	/usr/lib/libpcap.A.dylib
0x00000000307a4000 	/System/Library/Frameworks/CoreServices.framework/Versions/A/Frameworks/FSEvents.framework/Versions/A/FSEvents
0x00000000307a4000 	/System/Library/Frameworks/CoreServices.framework/Versions/A/Frameworks/CarbonCore.framework/Versions/A/CarbonCore
0x00000000307a4000 	/System/Library/Frameworks/CoreServices.framework/Versions/A/Frameworks/Metadata.framework/Versions/A/Metadata
0x00000000307a4000 	/System/Library/Frameworks/CoreServices.framework/Versions/A/Frameworks/OSServices.framework/Versions/A/OSServices
0x00000000307a4000 	/System/Library/Frameworks/CoreServices.framework/Versions/A/Frameworks/SearchKit.framework/Versions/A/SearchKit
0x00000000307a4000 	/System/Library/Frameworks/CoreServices.framework/Versions/A/Frameworks/AE.framework/Versions/A/AE
0x00000000307a4000 	/System/Library/Frameworks/CoreServices.framework/Versions/A/Frameworks/LaunchServices.framework/Versions/A/LaunchServices
0x00000000307a4000 	/System/Library/Frameworks/CoreServices.framework/Versions/A/Frameworks/DictionaryServices.framework/Versions/A/DictionaryServices
0x00000000307a4000 	/System/Library/Frameworks/CoreServices.framework/Versions/A/Frameworks/SharedFileList.framework/Versions/A/SharedFileList
0x00000000307a4000 	/System/Library/Frameworks/NetFS.framework/Versions/A/NetFS
0x00000000307a4000 	/System/Library/PrivateFrameworks/NetAuth.framework/Versions/A/NetAuth
0x00000000307a4000 	/System/Library/PrivateFrameworks/login.framework/Versions/A/Frameworks/loginsupport.framework/Versions/A/loginsupport
0x00000000307a4000 	/System/Library/PrivateFrameworks/TCC.framework/Versions/A/TCC
0x00000000307a4000 	/usr/lib/libmecabra.dylib
0x00000000307a4000 	/System/Library/Frameworks/ApplicationServices.framework/Versions/A/Frameworks/ATS.framework/Versions/A/ATS
0x00000000307a4000 	/System/Library/Frameworks/ApplicationServices.framework/Versions/A/Frameworks/ColorSync.framework/Versions/A/ColorSync
0x00000000307a4000 	/System/Library/Frameworks/ApplicationServices.framework/Versions/A/Frameworks/HIServices.framework/Versions/A/HIServices
0x00000000307a4000 	/System/Library/Frameworks/ApplicationServices.framework/Versions/A/Frameworks/LangAnalysis.framework/Versions/A/LangAnalysis
0x00000000307a4000 	/System/Library/Frameworks/ApplicationServices.framework/Versions/A/Frameworks/PrintCore.framework/Versions/A/PrintCore
0x00000000307a4000 	/System/Library/Frameworks/ApplicationServices.framework/Versions/A/Frameworks/QD.framework/Versions/A/QD
0x00000000307a4000 	/System/Library/Frameworks/ApplicationServices.framework/Versions/A/Frameworks/SpeechSynthesis.framework/Versions/A/SpeechSynthesis
0x00000000307a4000 	/System/Library/Frameworks/Accelerate.framework/Versions/A/Frameworks/vImage.framework/Versions/A/vImage
0x00000000307a4000 	/System/Library/Frameworks/Accelerate.framework/Versions/A/Frameworks/vecLib.framework/Versions/A/vecLib
0x00000000307a4000 	/System/Library/Frameworks/Accelerate.framework/Versions/A/Frameworks/vecLib.framework/Versions/A/libvDSP.dylib
0x00000000307a4000 	/System/Library/Frameworks/Accelerate.framework/Versions/A/Frameworks/vecLib.framework/Versions/A/libBNNS.dylib
0x00000000307a4000 	/System/Library/Frameworks/Accelerate.framework/Versions/A/Frameworks/vecLib.framework/Versions/A/libQuadrature.dylib
0x00000000307a4000 	/System/Library/Frameworks/Accelerate.framework/Versions/A/Frameworks/vecLib.framework/Versions/A/libvMisc.dylib
0x00000000307a4000 	/System/Library/Frameworks/Accelerate.framework/Versions/A/Frameworks/vecLib.framework/Versions/A/libLAPACK.dylib
0x00000000307a4000 	/System/Library/Frameworks/Accelerate.framework/Versions/A/Frameworks/vecLib.framework/Versions/A/libBLAS.dylib
0x00000000307a4000 	/System/Library/Frameworks/Accelerate.framework/Versions/A/Frameworks/vecLib.framework/Versions/A/libLinearAlgebra.dylib
0x00000000307a4000 	/System/Library/Frameworks/Accelerate.framework/Versions/A/Frameworks/vecLib.framework/Versions/A/libSparseBLAS.dylib
0x00000000307a4000 	/System/Library/Frameworks/ApplicationServices.framework/Versions/A/Frameworks/ATS.framework/Versions/A/Resources/libFontParser.dylib
0x00000000307a4000 	/System/Library/Frameworks/ApplicationServices.framework/Versions/A/Frameworks/ATS.framework/Versions/A/Resources/libFontRegistry.dylib
0x00000000307a4000 	/System/Library/Frameworks/ImageIO.framework/Versions/A/Resources/libJPEG.dylib
0x00000000307a4000 	/System/Library/Frameworks/ImageIO.framework/Versions/A/Resources/libTIFF.dylib
0x00000000307a4000 	/System/Library/Frameworks/ImageIO.framework/Versions/A/Resources/libPng.dylib
0x00000000307a4000 	/System/Library/Frameworks/ImageIO.framework/Versions/A/Resources/libGIF.dylib
0x00000000307a4000 	/System/Library/Frameworks/ImageIO.framework/Versions/A/Resources/libJP2.dylib
0x00000000307a4000 	/System/Library/Frameworks/ImageIO.framework/Versions/A/Resources/libRadiance.dylib
0x00000000307a4000 	/usr/lib/libcompression.dylib
0x00000000307a4000 	/System/Library/PrivateFrameworks/AppleJPEG.framework/Versions/A/AppleJPEG
0x00000000307a4000 	/usr/lib/libcups.2.dylib
0x00000000307a4000 	/System/Library/Frameworks/Kerberos.framework/Versions/A/Kerberos
0x00000000307a4000 	/System/Library/Frameworks/GSS.framework/Versions/A/GSS
0x00000000307a4000 	/usr/lib/libresolv.9.dylib
0x00000000307a4000 	/usr/lib/libiconv.2.dylib
0x00000000307a4000 	/System/Library/PrivateFrameworks/Heimdal.framework/Versions/A/Heimdal
0x00000000307a4000 	/usr/lib/libheimdal-asn1.dylib
0x00000000307a4000 	/System/Library/Frameworks/OpenDirectory.framework/Versions/A/OpenDirectory
0x00000000307a4000 	/System/Library/PrivateFrameworks/CommonAuth.framework/Versions/A/CommonAuth
0x00000000307a4000 	/System/Library/Frameworks/OpenDirectory.framework/Versions/A/Frameworks/CFOpenDirectory.framework/Versions/A/CFOpenDirectory
0x00000000307a4000 	/System/Library/Frameworks/SecurityFoundation.framework/Versions/A/SecurityFoundation
0x00000000307a4000 	/System/Library/PrivateFrameworks/LanguageModeling.framework/Versions/A/LanguageModeling
0x00000000307a4000 	/usr/lib/libmarisa.dylib
0x00000000307a4000 	/usr/lib/libChineseTokenizer.dylib
0x00000000307a4000 	/usr/lib/libcmph.dylib
0x00000000307a4000 	/System/Library/PrivateFrameworks/CoreEmoji.framework/Versions/A/CoreEmoji
0x00000000307a4000 	/System/Library/Frameworks/ServiceManagement.framework/Versions/A/ServiceManagement
0x00000000307a4000 	/usr/lib/libxslt.1.dylib
0x00000000307a4000 	/System/Library/Frameworks/Carbon.framework/Versions/A/Frameworks/Ink.framework/Versions/A/Ink
0x00000000307a4000 	/System/Library/PrivateFrameworks/TextureIO.framework/Versions/A/TextureIO
0x00000000307a4000 	/System/Library/Frameworks/Metal.framework/Versions/A/Metal
0x00000000307a4000 	/usr/lib/libate.dylib
0x00000000307a4000 	/System/Library/PrivateFrameworks/GPUCompiler.framework/libmetal_timestamp.dylib
0x00000000307a4000 	/System/Library/Frameworks/OpenGL.framework/Versions/A/Libraries/libCoreFSCache.dylib
0x00000000307a4000 	/System/Library/PrivateFrameworks/IOAccelerator.framework/Versions/A/IOAccelerator
0x00000000307a4000 	/System/Library/Frameworks/CoreVideo.framework/Versions/A/CoreVideo
0x00000000307a4000 	/usr/lib/libFosl_dynamic.dylib
0x00000000307a4000 	/System/Library/PrivateFrameworks/MetalPerformanceShaders.framework/Versions/A/MetalPerformanceShaders
0x00000000307a4000 	/System/Library/PrivateFrameworks/FaceCore.framework/Versions/A/FaceCore
0x00000000307a4000 	/System/Library/Frameworks/OpenCL.framework/Versions/A/OpenCL
0x00000000307a4000 	/System/Library/Frameworks/OpenGL.framework/Versions/A/Libraries/libGLU.dylib
0x00000000307a4000 	/System/Library/Frameworks/OpenGL.framework/Versions/A/Libraries/libGFXShared.dylib
0x00000000307a4000 	/System/Library/Frameworks/OpenGL.framework/Versions/A/Libraries/libGL.dylib
0x00000000307a4000 	/System/Library/Frameworks/OpenGL.framework/Versions/A/Libraries/libGLImage.dylib
0x00000000307a4000 	/System/Library/Frameworks/OpenGL.framework/Versions/A/Libraries/libCVMSPluginSupport.dylib
0x00000000307a4000 	/System/Library/Frameworks/OpenGL.framework/Versions/A/Libraries/libCoreVMClient.dylib
0x00000000307a4000 	/System/Library/PrivateFrameworks/CrashReporterSupport.framework/Versions/A/CrashReporterSupport
0x00000000307a4000 	/System/Library/PrivateFrameworks/Sharing.framework/Versions/A/Sharing
0x00000000307a4000 	/System/Library/PrivateFrameworks/IconServices.framework/Versions/A/IconServices
0x00000000307a4000 	/System/Library/PrivateFrameworks/ProtocolBuffer.framework/Versions/A/ProtocolBuffer
0x00000000307a4000 	/System/Library/PrivateFrameworks/Apple80211.framework/Versions/A/Apple80211
0x00000000307a4000 	/System/Library/Frameworks/CoreWLAN.framework/Versions/A/CoreWLAN
0x00000000307a4000 	/System/Library/PrivateFrameworks/CoreUtils.framework/Versions/A/CoreUtils
0x00000000307a4000 	/System/Library/Frameworks/IOBluetooth.framework/Versions/A/IOBluetooth
0x00000000307a4000 	/System/Library/PrivateFrameworks/CoreWiFi.framework/Versions/A/CoreWiFi
0x00000000307a4000 	/System/Library/Frameworks/CoreBluetooth.framework/Versions/A/CoreBluetooth
0x00000000307a4000 	/System/Library/Frameworks/CoreDisplay.framework/Versions/A/CoreDisplay
0x00000000307a4000 	/System/Library/PrivateFrameworks/IOPresentment.framework/Versions/A/IOPresentment
0x00000000307a4000 	/System/Library/PrivateFrameworks/DebugSymbols.framework/Versions/A/DebugSymbols
0x00000000307a4000 	/System/Library/PrivateFrameworks/CoreSymbolication.framework/Versions/A/CoreSymbolication
0x00000000307a4000 	/System/Library/PrivateFrameworks/Symbolication.framework/Versions/A/Symbolication
0x00000000307a4000 	/System/Library/PrivateFrameworks/AppleFSCompression.framework/Versions/A/AppleFSCompression
0x00000000307a4000 	/System/Library/PrivateFrameworks/SpeechRecognitionCore.framework/Versions/A/SpeechRecognitionCore
0x00000000307a4000 	/System/Library/PrivateFrameworks/ChunkingLibrary.framework/Versions/A/ChunkingLibrary
0x000000010e050000 	/System/Library/CoreServices/Encodings/libTraditionalChineseConverter.dylib
0x000000010ea00000 	/Applications/Android Studio.app/Contents/jre/jdk/Contents/Home/jre/lib/server/libjvm.dylib
0x00000000307a4000 	/usr/lib/libstdc++.6.dylib
0x000000010e097000 	/Applications/Android Studio.app/Contents/jre/jdk/Contents/Home/jre/lib/libverify.dylib
0x000000010e0a4000 	/Applications/Android Studio.app/Contents/jre/jdk/Contents/Home/jre/lib/libjava.dylib
0x000000010e0e3000 	/Applications/Android Studio.app/Contents/jre/jdk/Contents/Home/jre/lib/libzip.dylib
0x0000000114a88000 	/System/Library/Frameworks/JavaVM.framework/Frameworks/JavaRuntimeSupport.framework/JavaRuntimeSupport
0x0000000114aa2000 	/System/Library/Frameworks/JavaVM.framework/Versions/A/Frameworks/JavaNativeFoundation.framework/Versions/A/JavaNativeFoundation
0x0000000114ab7000 	/System/Library/Frameworks/JavaVM.framework/Versions/A/JavaVM
0x00000000307a4000 	/System/Library/Frameworks/Carbon.framework/Versions/A/Carbon
0x0000000114ac4000 	/System/Library/PrivateFrameworks/JavaLaunching.framework/Versions/A/JavaLaunching
0x00000000307a4000 	/System/Library/Frameworks/Carbon.framework/Versions/A/Frameworks/CommonPanels.framework/Versions/A/CommonPanels
0x00000000307a4000 	/System/Library/Frameworks/Carbon.framework/Versions/A/Frameworks/Help.framework/Versions/A/Help
0x00000000307a4000 	/System/Library/Frameworks/Carbon.framework/Versions/A/Frameworks/ImageCapture.framework/Versions/A/ImageCapture
0x00000000307a4000 	/System/Library/Frameworks/Carbon.framework/Versions/A/Frameworks/OpenScripting.framework/Versions/A/OpenScripting
0x00000000307a4000 	/System/Library/Frameworks/Carbon.framework/Versions/A/Frameworks/Print.framework/Versions/A/Print
0x00000000307a4000 	/System/Library/Frameworks/Carbon.framework/Versions/A/Frameworks/SecurityHI.framework/Versions/A/SecurityHI
0x0000000116754000 	/Applications/Android Studio.app/Contents/jre/jdk/Contents/Home/jre/lib/libnet.dylib
0x00000001167b3000 	/Applications/Android Studio.app/Contents/jre/jdk/Contents/Home/jre/lib/libnio.dylib
0x00000001167c3000 	/Users/evanchen/native/19/osx-amd64/libnative-platform.dylib
0x0000000116c9d000 	/Applications/Android Studio.app/Contents/jre/jdk/Contents/Home/jre/lib/libmanagement.dylib

VM Arguments:
jvm_args: -Xmx1536m -Dfile.encoding=UTF-8 -Duser.country=TW -Duser.language=zh -Duser.variant 
java_command: org.gradle.launcher.daemon.bootstrap.GradleDaemon 2.14.1
java_class_path (initial): /Applications/Android Studio.app/Contents/gradle/gradle-2.14.1/lib/gradle-launcher-2.14.1.jar
Launcher Type: SUN_STANDARD

Environment Variables:
PATH=/usr/bin:/bin:/usr/sbin:/sbin
SHELL=/bin/bash

Signal Handlers:
SIGSEGV: [libjvm.dylib+0x57e9cd], sa_mask[0]=11111111011111110111111111111111, sa_flags=SA_ONSTACK|SA_RESTART|SA_SIGINFO
SIGBUS: [libjvm.dylib+0x57e9cd], sa_mask[0]=11111111011111110111111111111111, sa_flags=SA_RESTART|SA_SIGINFO
SIGFPE: [libjvm.dylib+0x45951c], sa_mask[0]=11111111011111110111111111111111, sa_flags=SA_RESTART|SA_SIGINFO
SIGPIPE: [libjvm.dylib+0x45951c], sa_mask[0]=11111111011111110111111111111111, sa_flags=SA_RESTART|SA_SIGINFO
SIGXFSZ: [libjvm.dylib+0x45951c], sa_mask[0]=11111111011111110111111111111111, sa_flags=SA_RESTART|SA_SIGINFO
SIGILL: [libjvm.dylib+0x45951c], sa_mask[0]=11111111011111110111111111111111, sa_flags=SA_RESTART|SA_SIGINFO
SIGUSR1: SIG_DFL, sa_mask[0]=00000000000000000000000000000000, sa_flags=none
SIGUSR2: [libjvm.dylib+0x45903a], sa_mask[0]=00100000000000000000000000000000, sa_flags=SA_RESTART|SA_SIGINFO
SIGHUP: [libjvm.dylib+0x457611], sa_mask[0]=11111111011111110111111111111111, sa_flags=SA_RESTART|SA_SIGINFO
SIGINT: [libjvm.dylib+0x457611], sa_mask[0]=11111111011111110111111111111111, sa_flags=SA_RESTART|SA_SIGINFO
SIGTERM: [libjvm.dylib+0x457611], sa_mask[0]=11111111011111110111111111111111, sa_flags=SA_RESTART|SA_SIGINFO
SIGQUIT: [libjvm.dylib+0x457611], sa_mask[0]=11111111011111110111111111111111, sa_flags=SA_RESTART|SA_SIGINFO


---------------  S Y S T E M  ---------------

OS:Bsduname:Darwin 16.1.0 Darwin Kernel Version 16.1.0: Wed Oct 19 20:31:56 PDT 2016; root:xnu-3789.21.4~4/RELEASE_X86_64 x86_64
rlimit: STACK 8192k, CORE 0k, NPROC 709, NOFILE 10240, AS infinity
load average:5.76 4.01 3.53

CPU:total 4 (2 cores per cpu, 2 threads per core) family 6 model 42 stepping 7, cmov, cx8, fxsr, mmx, sse, sse2, sse3, ssse3, sse4.1, sse4.2, popcnt, avx, aes, clmul, ht, tsc, tscinvbit

Memory: 4k page, physical 8388608k(19228k free)

/proc/meminfo:


vm_info: OpenJDK 64-Bit Server VM (25.112-b05) for bsd-amd64 JRE (1.8.0_112-release-b05), built on Sep 26 2016 14:04:06 by "builder" with gcc 4.2.1 (Based on Apple Inc. build 5658) (LLVM build 2336.11.00)

time: Wed Dec 14 11:00:01 2016
elapsed time: 812 seconds (0d 0h 13m 32s)

